---
Superman might be flightless 0.00
Hints at linking to Justice League 0.00
Cool facts about the Superman constume 0.00
Will Black Zero make an appearance?  0.00
Will there be war on Krypton? 0.00
      test 0.00
Top five guesses for the villian 0.00
hello there2 0.00
----



---
Superman might be flightless 0.00
Hints at linking to Justice League 0.00
Cool facts about the Superman constume 0.00
Will Black Zero make an appearance?  0.00
Will there be war on Krypton? 0.00
      test 0.00
Top five guesses for the villian 0.00
hello there2 0.00
----



---
Superman might be flightless 0.00
Hints at linking to Justice League 0.00
Cool facts about the Superman constume 0.00
Will Black Zero make an appearance?  0.00
Will there be war on Krypton? 0.00
      test 0.00
Top five guesses for the villian 0.00
hello there2 0.00
----



---
Superman might be flightless 0.00
Hints at linking to Justice League 0.00
Cool facts about the Superman constume 0.00
Will Black Zero make an appearance?  0.00
Will there be war on Krypton? 0.00
      test 0.00
Top five guesses for the villian 0.00
hello there2 0.00
----



---
Superman might be flightless 0.00
Hints at linking to Justice League 0.00
Cool facts about the Superman constume 0.00
Will Black Zero make an appearance?  0.00
Will there be war on Krypton? 0.00
      test 0.00
Top five guesses for the villian 0.00
hello there2 0.00
----



---
Superman might be flightless 0.00
Hints at linking to Justice League 0.00
Cool facts about the Superman constume 0.00
Will Black Zero make an appearance?  0.00
Will there be war on Krypton? 0.00
      test 0.00
Top five guesses for the villian 0.00
hello there2 0.00
----



---
Superman might be flightless 0.00
Hints at linking to Justice League 0.00
Cool facts about the Superman constume 0.00
Will Black Zero make an appearance?  0.00
Will there be war on Krypton? 0.00
      test 0.00
Top five guesses for the villian 0.00
hello there2 0.00
----



---
Superman might be flightless 0.00
Hints at linking to Justice League 0.00
Cool facts about the Superman constume 0.00
Will Black Zero make an appearance?  0.00
Will there be war on Krypton? 0.00
      test 0.00
Top five guesses for the villian 0.00
hello there2 0.00
----



---
Superman might be flightless 0.00
Hints at linking to Justice League 0.00
Cool facts about the Superman constume 0.00
Will Black Zero make an appearance?  0.00
Will there be war on Krypton? 0.00
      test 0.00
Top five guesses for the villian 0.00
hello there2 0.00
----



---
Superman might be flightless 0.00
Hints at linking to Justice League 0.00
Cool facts about the Superman constume 0.00
Will Black Zero make an appearance?  0.00
Will there be war on Krypton? 0.00
      test 0.00
Top five guesses for the villian 0.00
hello there2 0.00
----



---
Superman might be flightless 0.00
Hints at linking to Justice League 0.00
Cool facts about the Superman constume 0.00
Will Black Zero make an appearance?  0.00
Will there be war on Krypton? 0.00
      test 0.00
Top five guesses for the villian 0.00
hello there2 0.00
----



---
Superman might be flightless 0.00
Hints at linking to Justice League 0.00
Cool facts about the Superman constume 0.00
Will Black Zero make an appearance?  0.00
Will there be war on Krypton? 0.00
      test 0.00
Top five guesses for the villian 0.00
hello there2 0.00
----



---
Superman might be flightless 0.00
Hints at linking to Justice League 0.00
Cool facts about the Superman constume 0.00
Will Black Zero make an appearance?  0.00
Will there be war on Krypton? 0.00
      test 0.00
Top five guesses for the villian 0.00
hello there2 0.00
----



---
Superman might be flightless 0.00
Hints at linking to Justice League 0.00
Cool facts about the Superman constume 0.00
Will Black Zero make an appearance?  0.00
Will there be war on Krypton? 0.00
      test 0.00
Top five guesses for the villian 0.00
hello there2 0.00
----



---
Superman might be flightless 0.00
Hints at linking to Justice League 0.00
Cool facts about the Superman constume 0.00
Will Black Zero make an appearance?  0.00
Will there be war on Krypton? 0.00
      test 0.00
Top five guesses for the villian 0.00
hello there2 0.00
----



---
Superman might be flightless 0.00
Hints at linking to Justice League 0.00
Cool facts about the Superman constume 0.00
Will Black Zero make an appearance?  0.00
Will there be war on Krypton? 0.00
      test 0.00
Top five guesses for the villian 0.00
hello there2 0.00
----



---
Superman might be flightless 0.00
Hints at linking to Justice League 0.00
Cool facts about the Superman constume 0.00
Will Black Zero make an appearance?  0.00
Will there be war on Krypton? 0.00
      test 0.00
Top five guesses for the villian 0.00
hello there2 0.00
----



---
Superman might be flightless 0.00
Hints at linking to Justice League 0.00
Cool facts about the Superman constume 0.00
Will Black Zero make an appearance?  0.00
Will there be war on Krypton? 0.00
      test 0.00
Top five guesses for the villian 0.00
hello there2 0.00
----



---
Superman might be flightless 0.00
Hints at linking to Justice League 0.00
Cool facts about the Superman constume 0.00
Will Black Zero make an appearance?  0.00
Will there be war on Krypton? 0.00
      test 0.00
Top five guesses for the villian 0.00
hello there2 0.00
----



---
Superman might be flightless 0.00
Hints at linking to Justice League 0.00
Cool facts about the Superman constume 0.00
Will Black Zero make an appearance?  0.00
Will there be war on Krypton? 0.00
      test 0.00
Top five guesses for the villian 0.00
hello there2 0.00
----



---
Superman might be flightless 0.00
Hints at linking to Justice League 0.00
Cool facts about the Superman constume 0.00
Will Black Zero make an appearance?  0.00
Will there be war on Krypton? 0.00
      test 0.00
Top five guesses for the villian 0.00
hello there2 0.00
----



---
Superman might be flightless 0.00
Hints at linking to Justice League 0.00
Cool facts about the Superman constume 0.00
Will Black Zero make an appearance?  0.00
Will there be war on Krypton? 0.00
      test 0.00
Top five guesses for the villian 0.00
hello there2 0.00
----



---
Superman might be flightless 0.00
Hints at linking to Justice League 0.00
Cool facts about the Superman constume 0.00
Will Black Zero make an appearance?  0.00
Will there be war on Krypton? 0.00
      test 0.00
Top five guesses for the villian 0.00
hello there2 0.00
----



---
Superman might be flightless 0.00
Hints at linking to Justice League 0.00
Cool facts about the Superman constume 0.00
Will Black Zero make an appearance?  0.00
Will there be war on Krypton? 0.00
      test 0.00
Top five guesses for the villian 0.00
hello there2 0.00
----



---
Superman might be flightless 0.00
Hints at linking to Justice League 0.00
Cool facts about the Superman constume 0.00
Will Black Zero make an appearance?  0.00
Will there be war on Krypton? 0.00
      test 0.00
Top five guesses for the villian 0.00
hello there2 0.00
----



Traceback (most recent call last):
  File "rerank.py", line 24, in <module>
    time.sleep(5)
KeyboardInterrupt
---
Superman might be flightless 0.00
Hints at linking to Justice League 0.00
Cool facts about the Superman constume 0.00
Will Black Zero make an appearance?  0.00
Will there be war on Krypton? 0.00
      test 0.00
Top five guesses for the villian 0.00
hello there2 0.00
----



---
Superman might be flightless 0.00
Hints at linking to Justice League 0.00
Cool facts about the Superman constume 0.00
Will Black Zero make an appearance?  0.00
Will there be war on Krypton? 0.00
      test 0.00
Top five guesses for the villian 0.00
hello there2 0.00
----



---
Superman might be flightless 0.00
Hints at linking to Justice League 0.00
Cool facts about the Superman constume 0.00
Will Black Zero make an appearance?  0.00
Will there be war on Krypton? 0.00
      test 0.00
Top five guesses for the villian 0.00
hello there2 0.00
----



---
Superman might be flightless 0.00
Hints at linking to Justice League 0.00
Cool facts about the Superman constume 0.00
Will Black Zero make an appearance?  0.00
Will there be war on Krypton? 0.00
      test 0.00
Top five guesses for the villian 0.00
hello there2 0.00
----



---
Superman might be flightless 0.00
Hints at linking to Justice League 0.00
Cool facts about the Superman constume 0.00
Will Black Zero make an appearance?  0.00
Will there be war on Krypton? 0.00
      test 0.00
Top five guesses for the villian 0.00
hello there2 0.00
----



---
Superman might be flightless 0.00
Hints at linking to Justice League 0.00
Cool facts about the Superman constume 0.00
Will Black Zero make an appearance?  0.00
Will there be war on Krypton? 0.00
      test 0.00
Top five guesses for the villian 0.00
hello there2 0.00
----



---
Superman might be flightless 0.00
Hints at linking to Justice League 0.00
Cool facts about the Superman constume 0.00
Will Black Zero make an appearance?  0.00
Will there be war on Krypton? 0.00
      test 0.00
Top five guesses for the villian 0.00
hello there2 0.00
----



---
Superman might be flightless 0.00
Hints at linking to Justice League 0.00
Cool facts about the Superman constume 0.00
Will Black Zero make an appearance?  0.00
Will there be war on Krypton? 0.00
      test 0.00
Top five guesses for the villian 0.00
hello there2 0.00
----



---
Superman might be flightless 0.00
Hints at linking to Justice League 0.00
Cool facts about the Superman constume 0.00
Will Black Zero make an appearance?  0.00
Will there be war on Krypton? 0.00
      test 0.00
Top five guesses for the villian 0.00
hello there2 0.00
----



